# JRE version: OpenJDK Runtime Environment (21.0.5) (build 21.0.5+-12932927-b750.29)
# Java VM: OpenJDK 64-Bit Server VM (21.0.5+-12932927-b750.29, mixed mode, tiered, compressed oops, compressed class ptrs, g1 gc, windows-amd64)
GC Precious Log:
 CardTable entry size: 512
 Card Set container configuration: InlinePtr #cards 5 size 8 Array Of Cards #cards 12 size 40 Howl #buckets 4 coarsen threshold 1843 Howl Bitmap #cards 512 size 80 coarsen threshold 460 Card regions per heap region 1 cards per card region 2048
 CPUs: 12 total, 12 available
 Memory: 7914M
 Large Page Support: Disabled
 NUMA Support: Disabled
 Compressed Oops: Enabled (32-bit)
 Heap Region Size: 1M
 Heap Min Capacity: 8M
 Heap Initial Capacity: 124M
 Heap Max Capacity: 2G
 Pre-touch: Disabled
 Parallel Workers: 10
 Concurrent Workers: 3
 Concurrent Refinement Workers: 10
 Periodic GC: Disabled
Heap:
 garbage-first heap   total 246784K, used 54652K [0x0000000080000000, 0x0000000100000000)
  region size 1024K, 27 young (27648K), 2 survivors (2048K)
 Metaspace       used 46193K, committed 47424K, reserved 1114112K
  class space    used 6150K, committed 6784K, reserved 1048576K
GC Heap History (20 events):
Event: 2.482 GC heap before
{Heap before GC invocations=3 (full 0):
 garbage-first heap   total 126976K, used 31281K [0x0000000080000000, 0x0000000100000000)
  region size 1024K, 24 young (24576K), 10 survivors (10240K)
 Metaspace       used 21142K, committed 21504K, reserved 1114112K
  class space    used 2430K, committed 2624K, reserved 1048576K
}
Event: 2.488 GC heap after
{Heap after GC invocations=4 (full 0):
 garbage-first heap   total 126976K, used 20667K [0x0000000080000000, 0x0000000100000000)
  region size 1024K, 2 young (2048K), 2 survivors (2048K)
 Metaspace       used 21142K, committed 21504K, reserved 1114112K
  class space    used 2430K, committed 2624K, reserved 1048576K
}
Event: 5.418 GC heap before
{Heap before GC invocations=5 (full 0):
 garbage-first heap   total 71680K, used 60603K [0x0000000080000000, 0x0000000100000000)
  region size 1024K, 42 young (43008K), 2 survivors (2048K)
 Metaspace       used 27911K, committed 28416K, reserved 1114112K
  class space    used 3482K, committed 3712K, reserved 1048576K
}
Event: 5.421 GC heap after
{Heap after GC invocations=6 (full 0):
 garbage-first heap   total 71680K, used 22601K [0x0000000080000000, 0x0000000100000000)
  region size 1024K, 4 young (4096K), 4 survivors (4096K)
 Metaspace       used 27911K, committed 28416K, reserved 1114112K
  class space    used 3482K, committed 3712K, reserved 1048576K
}
Event: 5.851 GC heap before
{Heap before GC invocations=6 (full 0):
 garbage-first heap   total 71680K, used 55369K [0x0000000080000000, 0x0000000100000000)
  region size 1024K, 37 young (37888K), 4 survivors (4096K)
 Metaspace       used 32403K, committed 33152K, reserved 1114112K
  class space    used 4252K, committed 4608K, reserved 1048576K
}
Event: 5.856 GC heap after
{Heap after GC invocations=7 (full 0):
 garbage-first heap   total 71680K, used 24950K [0x0000000080000000, 0x0000000100000000)
  region size 1024K, 5 young (5120K), 5 survivors (5120K)
 Metaspace       used 32403K, committed 33152K, reserved 1114112K
  class space    used 4252K, committed 4608K, reserved 1048576K
}
Event: 6.097 GC heap before
{Heap before GC invocations=7 (full 0):
 garbage-first heap   total 71680K, used 43382K [0x0000000080000000, 0x0000000100000000)
  region size 1024K, 25 young (25600K), 5 survivors (5120K)
 Metaspace       used 35258K, committed 36096K, reserved 1114112K
  class space    used 4720K, committed 5120K, reserved 1048576K
}
Event: 6.102 GC heap after
{Heap after GC invocations=8 (full 0):
 garbage-first heap   total 71680K, used 25964K [0x0000000080000000, 0x0000000100000000)
  region size 1024K, 4 young (4096K), 4 survivors (4096K)
 Metaspace       used 35258K, committed 36096K, reserved 1114112K
  class space    used 4720K, committed 5120K, reserved 1048576K
}
Event: 6.416 GC heap before
{Heap before GC invocations=9 (full 0):
 garbage-first heap   total 71680K, used 59756K [0x0000000080000000, 0x0000000100000000)
  region size 1024K, 37 young (37888K), 4 survivors (4096K)
 Metaspace       used 39514K, committed 40704K, reserved 1114112K
  class space    used 5419K, committed 6016K, reserved 1048576K
}
Event: 7.432 GC heap after
{Heap after GC invocations=10 (full 0):
 garbage-first heap   total 86016K, used 27847K [0x0000000080000000, 0x0000000100000000)
  region size 1024K, 3 young (3072K), 3 survivors (3072K)
 Metaspace       used 39514K, committed 40704K, reserved 1114112K
  class space    used 5419K, committed 6016K, reserved 1048576K
}
Event: 7.447 GC heap before
{Heap before GC invocations=10 (full 0):
 garbage-first heap   total 86016K, used 28871K [0x0000000080000000, 0x0000000100000000)
  region size 1024K, 4 young (4096K), 3 survivors (3072K)
 Metaspace       used 39776K, committed 40960K, reserved 1114112K
  class space    used 5443K, committed 6016K, reserved 1048576K
}
Event: 7.451 GC heap after
{Heap after GC invocations=11 (full 0):
 garbage-first heap   total 86016K, used 28120K [0x0000000080000000, 0x0000000100000000)
  region size 1024K, 1 young (1024K), 1 survivors (1024K)
 Metaspace       used 39776K, committed 40960K, reserved 1114112K
  class space    used 5443K, committed 6016K, reserved 1048576K
}
Event: 7.488 GC heap before
{Heap before GC invocations=11 (full 0):
 garbage-first heap   total 86016K, used 30168K [0x0000000080000000, 0x0000000100000000)
  region size 1024K, 4 young (4096K), 1 survivors (1024K)
 Metaspace       used 40424K, committed 41536K, reserved 1114112K
  class space    used 5529K, committed 6080K, reserved 1048576K
}
Event: 7.489 GC heap after
{Heap after GC invocations=12 (full 0):
 garbage-first heap   total 86016K, used 27985K [0x0000000080000000, 0x0000000100000000)
  region size 1024K, 1 young (1024K), 1 survivors (1024K)
 Metaspace       used 40424K, committed 41536K, reserved 1114112K
  class space    used 5529K, committed 6080K, reserved 1048576K
}
Event: 7.525 GC heap before
{Heap before GC invocations=12 (full 0):
 garbage-first heap   total 86016K, used 30033K [0x0000000080000000, 0x0000000100000000)
  region size 1024K, 4 young (4096K), 1 survivors (1024K)
 Metaspace       used 40896K, committed 41984K, reserved 1114112K
  class space    used 5607K, committed 6144K, reserved 1048576K
}
Event: 7.526 GC heap after
{Heap after GC invocations=13 (full 0):
 garbage-first heap   total 86016K, used 28413K [0x0000000080000000, 0x0000000100000000)
  region size 1024K, 1 young (1024K), 1 survivors (1024K)
 Metaspace       used 40896K, committed 41984K, reserved 1114112K
  class space    used 5607K, committed 6144K, reserved 1048576K
}
Event: 7.552 GC heap before
{Heap before GC invocations=13 (full 0):
 garbage-first heap   total 86016K, used 31485K [0x0000000080000000, 0x0000000100000000)
  region size 1024K, 4 young (4096K), 1 survivors (1024K)
 Metaspace       used 41582K, committed 42752K, reserved 1114112K
  class space    used 5637K, committed 6208K, reserved 1048576K
}
Event: 7.554 GC heap after
{Heap after GC invocations=14 (full 0):
 garbage-first heap   total 246784K, used 28745K [0x0000000080000000, 0x0000000100000000)
  region size 1024K, 1 young (1024K), 1 survivors (1024K)
 Metaspace       used 41582K, committed 42752K, reserved 1114112K
  class space    used 5637K, committed 6208K, reserved 1048576K
}
Event: 7.695 GC heap before
{Heap before GC invocations=14 (full 0):
 garbage-first heap   total 246784K, used 38985K [0x0000000080000000, 0x0000000100000000)
  region size 1024K, 12 young (12288K), 1 survivors (1024K)
 Metaspace       used 45090K, committed 46272K, reserved 1114112K
  class space    used 6012K, committed 6592K, reserved 1048576K
}
Event: 7.697 GC heap after
{Heap after GC invocations=15 (full 0):
 garbage-first heap   total 246784K, used 30076K [0x0000000080000000, 0x0000000100000000)
  region size 1024K, 2 young (2048K), 2 survivors (2048K)
 Metaspace       used 45090K, committed 46272K, reserved 1114112K
  class space    used 6012K, committed 6592K, reserved 1048576K
}

